INFO [2024-12-06 13:22:00] $x
INFO [2024-12-06 13:22:00] list(exp_filt$`Gene Symbol`, met_filt$`Gene Symbol`)
INFO [2024-12-06 13:22:00] 
INFO [2024-12-06 13:22:00] $category.names
INFO [2024-12-06 13:22:00] c("Altered Expression", "Altered Methylation")
INFO [2024-12-06 13:22:00] 
INFO [2024-12-06 13:22:00] $filename
INFO [2024-12-06 13:22:00] NULL
INFO [2024-12-06 13:22:00] 
INFO [2024-12-06 13:22:00] $output
INFO [2024-12-06 13:22:00] F
INFO [2024-12-06 13:22:00] 
INFO [2024-12-06 13:22:00] $cat.cex
INFO [2024-12-06 13:22:00] [1] 1.15
INFO [2024-12-06 13:22:00] 
INFO [2024-12-06 13:22:00] $cat.fontface
INFO [2024-12-06 13:22:00] [1] "bold"
INFO [2024-12-06 13:22:00] 
INFO [2024-12-06 13:22:00] $cat.default.pos
INFO [2024-12-06 13:22:00] [1] "outer"
INFO [2024-12-06 13:22:00] 
INFO [2024-12-06 13:22:00] $cat.pos
INFO [2024-12-06 13:22:00] c(-27, 27)
INFO [2024-12-06 13:22:00] 
INFO [2024-12-06 13:22:00] $cat.dist
INFO [2024-12-06 13:22:00] c(0.055, 0.055)
INFO [2024-12-06 13:22:00] 
INFO [2024-12-06 13:22:00] $col
INFO [2024-12-06 13:22:00] c("#440154ff", "#21908dff")
INFO [2024-12-06 13:22:00] 
INFO [2024-12-06 13:22:00] $fill
INFO [2024-12-06 13:22:00] c(alpha("#440154ff", 0.3), alpha("#21908dff", 0.3))
INFO [2024-12-06 13:22:00] 
INFO [2024-12-06 13:22:00] [[12]]
INFO [2024-12-06 13:22:00] 
INFO [2024-12-06 13:22:00] 
