INFO [2025-03-12 11:55:16] $x
INFO [2025-03-12 11:55:16] list(exp_filt$`Gene Symbol`, met_filt$`Gene Symbol`)
INFO [2025-03-12 11:55:16] 
INFO [2025-03-12 11:55:16] $category.names
INFO [2025-03-12 11:55:16] c("Altered Expression", "Altered Methylation")
INFO [2025-03-12 11:55:16] 
INFO [2025-03-12 11:55:16] $filename
INFO [2025-03-12 11:55:16] NULL
INFO [2025-03-12 11:55:16] 
INFO [2025-03-12 11:55:16] $output
INFO [2025-03-12 11:55:16] F
INFO [2025-03-12 11:55:16] 
INFO [2025-03-12 11:55:16] $cat.cex
INFO [2025-03-12 11:55:16] [1] 1.15
INFO [2025-03-12 11:55:16] 
INFO [2025-03-12 11:55:16] $cat.fontface
INFO [2025-03-12 11:55:16] [1] "bold"
INFO [2025-03-12 11:55:16] 
INFO [2025-03-12 11:55:16] $cat.default.pos
INFO [2025-03-12 11:55:16] [1] "outer"
INFO [2025-03-12 11:55:16] 
INFO [2025-03-12 11:55:16] $cat.pos
INFO [2025-03-12 11:55:16] c(-27, 27)
INFO [2025-03-12 11:55:16] 
INFO [2025-03-12 11:55:16] $cat.dist
INFO [2025-03-12 11:55:16] c(0.055, 0.055)
INFO [2025-03-12 11:55:16] 
INFO [2025-03-12 11:55:16] $col
INFO [2025-03-12 11:55:16] c("#440154ff", "#21908dff")
INFO [2025-03-12 11:55:16] 
INFO [2025-03-12 11:55:16] $fill
INFO [2025-03-12 11:55:16] c(alpha("#440154ff", 0.3), alpha("#21908dff", 0.3))
INFO [2025-03-12 11:55:16] 
INFO [2025-03-12 11:55:16] [[12]]
INFO [2025-03-12 11:55:16] 
INFO [2025-03-12 11:55:16] 
