INFO [2024-12-06 14:17:20] $x
INFO [2024-12-06 14:17:20] list(exp_filt$`Gene Symbol`, met_filt$`Gene Symbol`)
INFO [2024-12-06 14:17:20] 
INFO [2024-12-06 14:17:20] $category.names
INFO [2024-12-06 14:17:20] c("Altered Expression", "Altered Methylation")
INFO [2024-12-06 14:17:20] 
INFO [2024-12-06 14:17:20] $filename
INFO [2024-12-06 14:17:20] NULL
INFO [2024-12-06 14:17:20] 
INFO [2024-12-06 14:17:20] $output
INFO [2024-12-06 14:17:20] F
INFO [2024-12-06 14:17:20] 
INFO [2024-12-06 14:17:20] $cat.cex
INFO [2024-12-06 14:17:20] [1] 1.15
INFO [2024-12-06 14:17:20] 
INFO [2024-12-06 14:17:20] $cat.fontface
INFO [2024-12-06 14:17:20] [1] "bold"
INFO [2024-12-06 14:17:20] 
INFO [2024-12-06 14:17:20] $cat.default.pos
INFO [2024-12-06 14:17:20] [1] "outer"
INFO [2024-12-06 14:17:20] 
INFO [2024-12-06 14:17:20] $cat.pos
INFO [2024-12-06 14:17:20] c(-27, 27)
INFO [2024-12-06 14:17:20] 
INFO [2024-12-06 14:17:20] $cat.dist
INFO [2024-12-06 14:17:20] c(0.055, 0.055)
INFO [2024-12-06 14:17:20] 
INFO [2024-12-06 14:17:20] $col
INFO [2024-12-06 14:17:20] c("#440154ff", "#21908dff")
INFO [2024-12-06 14:17:20] 
INFO [2024-12-06 14:17:20] $fill
INFO [2024-12-06 14:17:20] c(alpha("#440154ff", 0.3), alpha("#21908dff", 0.3))
INFO [2024-12-06 14:17:20] 
INFO [2024-12-06 14:17:20] [[12]]
INFO [2024-12-06 14:17:20] 
INFO [2024-12-06 14:17:20] 
