INFO [2024-10-16 11:58:30] $x
INFO [2024-10-16 11:58:30] list(exp_filt$`Gene Symbol`, met_filt$`Gene Symbol`)
INFO [2024-10-16 11:58:30] 
INFO [2024-10-16 11:58:30] $category.names
INFO [2024-10-16 11:58:30] c("Altered Expression", "Altered Methylation")
INFO [2024-10-16 11:58:30] 
INFO [2024-10-16 11:58:30] $filename
INFO [2024-10-16 11:58:30] NULL
INFO [2024-10-16 11:58:30] 
INFO [2024-10-16 11:58:30] $output
INFO [2024-10-16 11:58:30] F
INFO [2024-10-16 11:58:30] 
INFO [2024-10-16 11:58:30] $cat.cex
INFO [2024-10-16 11:58:30] [1] 1.15
INFO [2024-10-16 11:58:30] 
INFO [2024-10-16 11:58:30] $cat.fontface
INFO [2024-10-16 11:58:30] [1] "bold"
INFO [2024-10-16 11:58:30] 
INFO [2024-10-16 11:58:30] $cat.default.pos
INFO [2024-10-16 11:58:30] [1] "outer"
INFO [2024-10-16 11:58:30] 
INFO [2024-10-16 11:58:30] $cat.pos
INFO [2024-10-16 11:58:30] c(-27, 27)
INFO [2024-10-16 11:58:30] 
INFO [2024-10-16 11:58:30] $cat.dist
INFO [2024-10-16 11:58:30] c(0.055, 0.055)
INFO [2024-10-16 11:58:30] 
INFO [2024-10-16 11:58:30] $col
INFO [2024-10-16 11:58:30] c("#440154ff", "#21908dff")
INFO [2024-10-16 11:58:30] 
INFO [2024-10-16 11:58:30] $fill
INFO [2024-10-16 11:58:30] c(alpha("#440154ff", 0.3), alpha("#21908dff", 0.3))
INFO [2024-10-16 11:58:30] 
INFO [2024-10-16 11:58:30] [[12]]
INFO [2024-10-16 11:58:30] 
INFO [2024-10-16 11:58:30] 
