INFO [2024-10-17 17:25:38] $x
INFO [2024-10-17 17:25:38] list(exp_filt$`Gene Symbol`, met_filt$`Gene Symbol`)
INFO [2024-10-17 17:25:38] 
INFO [2024-10-17 17:25:38] $category.names
INFO [2024-10-17 17:25:38] c("Altered Expression", "Altered Methylation")
INFO [2024-10-17 17:25:38] 
INFO [2024-10-17 17:25:38] $filename
INFO [2024-10-17 17:25:38] NULL
INFO [2024-10-17 17:25:38] 
INFO [2024-10-17 17:25:38] $output
INFO [2024-10-17 17:25:38] F
INFO [2024-10-17 17:25:38] 
INFO [2024-10-17 17:25:38] $cat.cex
INFO [2024-10-17 17:25:38] [1] 1.15
INFO [2024-10-17 17:25:38] 
INFO [2024-10-17 17:25:38] $cat.fontface
INFO [2024-10-17 17:25:38] [1] "bold"
INFO [2024-10-17 17:25:38] 
INFO [2024-10-17 17:25:38] $cat.default.pos
INFO [2024-10-17 17:25:38] [1] "outer"
INFO [2024-10-17 17:25:38] 
INFO [2024-10-17 17:25:38] $cat.pos
INFO [2024-10-17 17:25:38] c(-27, 27)
INFO [2024-10-17 17:25:38] 
INFO [2024-10-17 17:25:38] $cat.dist
INFO [2024-10-17 17:25:38] c(0.055, 0.055)
INFO [2024-10-17 17:25:38] 
INFO [2024-10-17 17:25:38] $col
INFO [2024-10-17 17:25:38] c("#440154ff", "#21908dff")
INFO [2024-10-17 17:25:38] 
INFO [2024-10-17 17:25:38] $fill
INFO [2024-10-17 17:25:38] c(alpha("#440154ff", 0.3), alpha("#21908dff", 0.3))
INFO [2024-10-17 17:25:38] 
INFO [2024-10-17 17:25:38] [[12]]
INFO [2024-10-17 17:25:38] 
INFO [2024-10-17 17:25:38] 
