INFO [2024-12-19 10:36:23] $x
INFO [2024-12-19 10:36:23] list(exp_filt$`Gene Symbol`, met_filt$`Gene Symbol`)
INFO [2024-12-19 10:36:23] 
INFO [2024-12-19 10:36:23] $category.names
INFO [2024-12-19 10:36:23] c("Altered Expression", "Altered Methylation")
INFO [2024-12-19 10:36:23] 
INFO [2024-12-19 10:36:23] $filename
INFO [2024-12-19 10:36:23] NULL
INFO [2024-12-19 10:36:23] 
INFO [2024-12-19 10:36:23] $output
INFO [2024-12-19 10:36:23] F
INFO [2024-12-19 10:36:23] 
INFO [2024-12-19 10:36:23] $cat.cex
INFO [2024-12-19 10:36:23] [1] 1.15
INFO [2024-12-19 10:36:23] 
INFO [2024-12-19 10:36:23] $cat.fontface
INFO [2024-12-19 10:36:23] [1] "bold"
INFO [2024-12-19 10:36:23] 
INFO [2024-12-19 10:36:23] $cat.default.pos
INFO [2024-12-19 10:36:23] [1] "outer"
INFO [2024-12-19 10:36:23] 
INFO [2024-12-19 10:36:23] $cat.pos
INFO [2024-12-19 10:36:23] c(-27, 27)
INFO [2024-12-19 10:36:23] 
INFO [2024-12-19 10:36:23] $cat.dist
INFO [2024-12-19 10:36:23] c(0.055, 0.055)
INFO [2024-12-19 10:36:23] 
INFO [2024-12-19 10:36:23] $col
INFO [2024-12-19 10:36:23] c("#440154ff", "#21908dff")
INFO [2024-12-19 10:36:23] 
INFO [2024-12-19 10:36:23] $fill
INFO [2024-12-19 10:36:23] c(alpha("#440154ff", 0.3), alpha("#21908dff", 0.3))
INFO [2024-12-19 10:36:23] 
INFO [2024-12-19 10:36:23] [[12]]
INFO [2024-12-19 10:36:23] 
INFO [2024-12-19 10:36:23] 
